<?xml version="1.0" encoding="UTF-8"?>
<robot generator="Robot 4.1 (Python 3.9.1 on win32)" generated="20211108 16:48:35.570" rpa="false" schemaversion="2">
<suite id="s1" name="Tests" source="D:\prgramacion\Automaçao de Testes com Robot Framework - Basico - Mayara Fernandes - UDEMY\Suite Site Test Practice\00 Projetos mios\Test Web - Site Automation Practice\tests">
<suite id="s1-s1" name="TestSitePractice" source="D:\prgramacion\Automaçao de Testes com Robot Framework - Basico - Mayara Fernandes - UDEMY\Suite Site Test Practice\00 Projetos mios\Test Web - Site Automation Practice\tests\TestSitePractice.robot">
<test id="s1-s1-t1" name="Caso de Teste 01: Pesquisar Produto Existente">
<kw name="Acessar pagina home do site" library="resource">
<kw name="New Browser" library="Browser">
<arg>headless=False</arg>
<tag>BrowserControl</tag>
<tag>Setter</tag>
<doc>Create a new playwright Browser with specified options.</doc>
<msg timestamp="20211108 16:48:36.357" level="INFO">{"browser": "chromium", "headless": false, "handleSIGINT": true, "handleSIGTERM": true, "handleSIGHUP": true, "timeout": 30000.0, "devtools": false, "slowMo": 0.0, "tracesDir": "D:\\prgramacion\\Automa\u00e7ao de Testes com Robot Framework - Basico - Mayara Fernandes - UDEMY\\Suite Site Test Practice\\00 Projetos mios\\Test Web - Site Automation Practice\\results\\browser\\traces\\4527fe8e-15c1-4a0d-be90-c264fce5e0d8"}</msg>
<msg timestamp="20211108 16:48:36.785" level="INFO">Successfully created browser with options: {"browser":"chromium","headless":false,"handleSIGINT":true,"handleSIGTERM":true,"handleSIGHUP":true,"timeout":30000,"devtools":false,"slowMo":0,"tracesDir":"D:\\prgramacion\\Automaçao de Testes com Robot Framework - Basico - Mayara Fernandes - UDEMY\\Suite Site Test Practice\\00 Projetos mios\\Test Web - Site Automation Practice\\results\\browser\\traces\\4527fe8e-15c1-4a0d-be90-c264fce5e0d8"}</msg>
<status status="PASS" starttime="20211108 16:48:36.357" endtime="20211108 16:48:36.786"/>
</kw>
<kw name="New Page" library="Browser">
<arg>${URL}</arg>
<tag>BrowserControl</tag>
<tag>Setter</tag>
<doc>Open a new Page. A Page is the Playwright equivalent to a tab.
See `Browser, Context and Page` for more information about Page concept.
Returns a stable identifier for the created page.</doc>
<msg timestamp="20211108 16:48:42.722" level="INFO">Successfully initialized new page object and opened url: http://automationpractice.com/</msg>
<msg timestamp="20211108 16:48:42.723" level="INFO">No context was open. New context was automatically opened when this page is created.</msg>
<status status="PASS" starttime="20211108 16:48:36.786" endtime="20211108 16:48:42.723"/>
</kw>
<kw name="Get Title" library="Browser">
<arg>equal</arg>
<arg>My Store</arg>
<tag>Assertion</tag>
<tag>Getter</tag>
<tag>PageContent</tag>
<doc>Returns the title of the current page.</doc>
<status status="PASS" starttime="20211108 16:48:42.723" endtime="20211108 16:48:42.732"/>
</kw>
<status status="PASS" starttime="20211108 16:48:36.356" endtime="20211108 16:48:42.733"/>
</kw>
<kw name="Digitar o nome do produto &quot;Blouse&quot; no campo de pesquisa" library="resource" sourcename="Digitar o nome do produto &quot;${PRODUTO}&quot; no campo de pesquisa">
<kw name="Fill Text" library="Browser">
<arg>id=search_query_top</arg>
<arg>${PRODUTO}</arg>
<tag>PageContent</tag>
<tag>Setter</tag>
<doc>Clears and fills the given ``txt`` into the text field found by ``selector``.</doc>
<msg timestamp="20211108 16:48:42.734" level="INFO">Fills the text 'Blouse' in the given field.</msg>
<status status="PASS" starttime="20211108 16:48:42.734" endtime="20211108 16:48:42.780"/>
</kw>
<status status="PASS" starttime="20211108 16:48:42.734" endtime="20211108 16:48:42.780"/>
</kw>
<kw name="Clicar no botão pesquisar" library="resource">
<kw name="Click" library="Browser">
<arg>css=#searchbox &gt; button</arg>
<tag>PageContent</tag>
<tag>Setter</tag>
<doc>Simulates mouse click on the element found by ``selector``.</doc>
<status status="PASS" starttime="20211108 16:48:42.781" endtime="20211108 16:48:43.591"/>
</kw>
<status status="PASS" starttime="20211108 16:48:42.781" endtime="20211108 16:48:43.591"/>
</kw>
<kw name="Conferir se o produto &quot;Blouse&quot; foi listado no site" library="resource" sourcename="Conferir se o produto &quot;${PRODUTO}&quot; foi listado no site">
<kw name="Wait For Elements State" library="Browser">
<arg>css=#center_column &gt; h1</arg>
<tag>PageContent</tag>
<tag>Wait</tag>
<doc>Waits for the element found by ``selector`` to satisfy state option.</doc>
<msg timestamp="20211108 16:48:43.882" level="INFO">Wait for Element with selector: css=#center_column &gt; h1</msg>
<status status="PASS" starttime="20211108 16:48:43.593" endtime="20211108 16:48:43.882"/>
</kw>
<kw name="Get Title" library="Browser">
<arg>equal</arg>
<arg>Search - My Store</arg>
<tag>Assertion</tag>
<tag>Getter</tag>
<tag>PageContent</tag>
<doc>Returns the title of the current page.</doc>
<status status="PASS" starttime="20211108 16:48:43.882" endtime="20211108 16:48:43.897"/>
</kw>
<kw name="Get Text" library="Browser">
<arg>text=${PRODUTO}</arg>
<tag>Assertion</tag>
<tag>Getter</tag>
<tag>PageContent</tag>
<doc>Returns text attribute of the element found by ``selector``.</doc>
<status status="PASS" starttime="20211108 16:48:43.897" endtime="20211108 16:48:43.924"/>
</kw>
<status status="PASS" starttime="20211108 16:48:43.592" endtime="20211108 16:48:43.925"/>
</kw>
<kw name="Fechar Navegador" library="resource" type="TEARDOWN">
<kw name="Close Browser" library="Browser">
<tag>BrowserControl</tag>
<tag>Setter</tag>
<doc>Closes the current browser.</doc>
<msg timestamp="20211108 16:48:44.142" level="INFO">Closed browser</msg>
<status status="PASS" starttime="20211108 16:48:43.926" endtime="20211108 16:48:44.143"/>
</kw>
<status status="PASS" starttime="20211108 16:48:43.926" endtime="20211108 16:48:44.143"/>
</kw>
<status status="PASS" starttime="20211108 16:48:36.353" endtime="20211108 16:48:44.143"/>
</test>
<test id="s1-s1-t2" name="Caso de Teste 02: Pesquisar Produto Nao Existente">
<kw name="Acessar pagina home do site" library="resource">
<kw name="New Browser" library="Browser">
<arg>headless=False</arg>
<tag>BrowserControl</tag>
<tag>Setter</tag>
<doc>Create a new playwright Browser with specified options.</doc>
<msg timestamp="20211108 16:48:44.149" level="INFO">{"browser": "chromium", "headless": false, "handleSIGINT": true, "handleSIGTERM": true, "handleSIGHUP": true, "timeout": 30000.0, "devtools": false, "slowMo": 0.0, "tracesDir": "D:\\prgramacion\\Automa\u00e7ao de Testes com Robot Framework - Basico - Mayara Fernandes - UDEMY\\Suite Site Test Practice\\00 Projetos mios\\Test Web - Site Automation Practice\\results\\browser\\traces\\f5bcf199-1a9f-4acf-8f89-c9bf09f9bf22"}</msg>
<msg timestamp="20211108 16:48:44.501" level="INFO">Successfully created browser with options: {"browser":"chromium","headless":false,"handleSIGINT":true,"handleSIGTERM":true,"handleSIGHUP":true,"timeout":30000,"devtools":false,"slowMo":0,"tracesDir":"D:\\prgramacion\\Automaçao de Testes com Robot Framework - Basico - Mayara Fernandes - UDEMY\\Suite Site Test Practice\\00 Projetos mios\\Test Web - Site Automation Practice\\results\\browser\\traces\\f5bcf199-1a9f-4acf-8f89-c9bf09f9bf22"}</msg>
<status status="PASS" starttime="20211108 16:48:44.149" endtime="20211108 16:48:44.501"/>
</kw>
<kw name="New Page" library="Browser">
<arg>${URL}</arg>
<tag>BrowserControl</tag>
<tag>Setter</tag>
<doc>Open a new Page. A Page is the Playwright equivalent to a tab.
See `Browser, Context and Page` for more information about Page concept.
Returns a stable identifier for the created page.</doc>
<msg timestamp="20211108 16:48:50.437" level="INFO">Successfully initialized new page object and opened url: http://automationpractice.com/</msg>
<msg timestamp="20211108 16:48:50.437" level="INFO">No context was open. New context was automatically opened when this page is created.</msg>
<status status="PASS" starttime="20211108 16:48:44.502" endtime="20211108 16:48:50.437"/>
</kw>
<kw name="Get Title" library="Browser">
<arg>equal</arg>
<arg>My Store</arg>
<tag>Assertion</tag>
<tag>Getter</tag>
<tag>PageContent</tag>
<doc>Returns the title of the current page.</doc>
<status status="PASS" starttime="20211108 16:48:50.438" endtime="20211108 16:48:50.446"/>
</kw>
<status status="PASS" starttime="20211108 16:48:44.148" endtime="20211108 16:48:50.446"/>
</kw>
<kw name="Digitar o nome do produto &quot;ItemNaoExistente&quot; no campo de pesquisa" library="resource" sourcename="Digitar o nome do produto &quot;${PRODUTO}&quot; no campo de pesquisa">
<kw name="Fill Text" library="Browser">
<arg>id=search_query_top</arg>
<arg>${PRODUTO}</arg>
<tag>PageContent</tag>
<tag>Setter</tag>
<doc>Clears and fills the given ``txt`` into the text field found by ``selector``.</doc>
<msg timestamp="20211108 16:48:50.448" level="INFO">Fills the text 'ItemNaoExistente' in the given field.</msg>
<status status="PASS" starttime="20211108 16:48:50.447" endtime="20211108 16:48:50.481"/>
</kw>
<status status="PASS" starttime="20211108 16:48:50.447" endtime="20211108 16:48:50.482"/>
</kw>
<kw name="Clicar no botão pesquisar" library="resource">
<kw name="Click" library="Browser">
<arg>css=#searchbox &gt; button</arg>
<tag>PageContent</tag>
<tag>Setter</tag>
<doc>Simulates mouse click on the element found by ``selector``.</doc>
<status status="PASS" starttime="20211108 16:48:50.483" endtime="20211108 16:48:51.494"/>
</kw>
<status status="PASS" starttime="20211108 16:48:50.483" endtime="20211108 16:48:51.494"/>
</kw>
<kw name="Conferir mensagem de error: &quot;No results were found for your search &quot;ItemNaoExistente&quot;&quot;" library="resource" sourcename="Conferir mensagem de error: &quot;${MENSAGEM_ALERTA}&quot;">
<kw name="Wait For Elements State" library="Browser">
<arg>css=#center_column &gt; p</arg>
<tag>PageContent</tag>
<tag>Wait</tag>
<doc>Waits for the element found by ``selector`` to satisfy state option.</doc>
<msg timestamp="20211108 16:48:51.811" level="INFO">Wait for Element with selector: css=#center_column &gt; p</msg>
<status status="PASS" starttime="20211108 16:48:51.495" endtime="20211108 16:48:51.811"/>
</kw>
<kw name="Get Text" library="Browser">
<arg>text=${MENSAGEM_ALERTA}</arg>
<tag>Assertion</tag>
<tag>Getter</tag>
<tag>PageContent</tag>
<doc>Returns text attribute of the element found by ``selector``.</doc>
<status status="PASS" starttime="20211108 16:48:51.811" endtime="20211108 16:48:51.839"/>
</kw>
<status status="PASS" starttime="20211108 16:48:51.495" endtime="20211108 16:48:51.839"/>
</kw>
<kw name="Fechar Navegador" library="resource" type="TEARDOWN">
<kw name="Close Browser" library="Browser">
<tag>BrowserControl</tag>
<tag>Setter</tag>
<doc>Closes the current browser.</doc>
<msg timestamp="20211108 16:48:51.997" level="INFO">Closed browser</msg>
<status status="PASS" starttime="20211108 16:48:51.840" endtime="20211108 16:48:51.997"/>
</kw>
<status status="PASS" starttime="20211108 16:48:51.840" endtime="20211108 16:48:51.998"/>
</kw>
<status status="PASS" starttime="20211108 16:48:44.146" endtime="20211108 16:48:51.998"/>
</test>
<test id="s1-s1-t3" name="Caso de Teste 03: Listar Produtos">
<kw name="Acessar pagina home do site" library="resource">
<kw name="New Browser" library="Browser">
<arg>headless=False</arg>
<tag>BrowserControl</tag>
<tag>Setter</tag>
<doc>Create a new playwright Browser with specified options.</doc>
<msg timestamp="20211108 16:48:52.004" level="INFO">{"browser": "chromium", "headless": false, "handleSIGINT": true, "handleSIGTERM": true, "handleSIGHUP": true, "timeout": 30000.0, "devtools": false, "slowMo": 0.0, "tracesDir": "D:\\prgramacion\\Automa\u00e7ao de Testes com Robot Framework - Basico - Mayara Fernandes - UDEMY\\Suite Site Test Practice\\00 Projetos mios\\Test Web - Site Automation Practice\\results\\browser\\traces\\fd0d6610-3df7-4e58-89da-caaaa7f61d14"}</msg>
<msg timestamp="20211108 16:48:52.323" level="INFO">Successfully created browser with options: {"browser":"chromium","headless":false,"handleSIGINT":true,"handleSIGTERM":true,"handleSIGHUP":true,"timeout":30000,"devtools":false,"slowMo":0,"tracesDir":"D:\\prgramacion\\Automaçao de Testes com Robot Framework - Basico - Mayara Fernandes - UDEMY\\Suite Site Test Practice\\00 Projetos mios\\Test Web - Site Automation Practice\\results\\browser\\traces\\fd0d6610-3df7-4e58-89da-caaaa7f61d14"}</msg>
<status status="PASS" starttime="20211108 16:48:52.004" endtime="20211108 16:48:52.324"/>
</kw>
<kw name="New Page" library="Browser">
<arg>${URL}</arg>
<tag>BrowserControl</tag>
<tag>Setter</tag>
<doc>Open a new Page. A Page is the Playwright equivalent to a tab.
See `Browser, Context and Page` for more information about Page concept.
Returns a stable identifier for the created page.</doc>
<msg timestamp="20211108 16:48:59.418" level="INFO">Successfully initialized new page object and opened url: http://automationpractice.com/</msg>
<msg timestamp="20211108 16:48:59.418" level="INFO">No context was open. New context was automatically opened when this page is created.</msg>
<status status="PASS" starttime="20211108 16:48:52.324" endtime="20211108 16:48:59.419"/>
</kw>
<kw name="Get Title" library="Browser">
<arg>equal</arg>
<arg>My Store</arg>
<tag>Assertion</tag>
<tag>Getter</tag>
<tag>PageContent</tag>
<doc>Returns the title of the current page.</doc>
<status status="PASS" starttime="20211108 16:48:59.419" endtime="20211108 16:48:59.425"/>
</kw>
<status status="PASS" starttime="20211108 16:48:52.003" endtime="20211108 16:48:59.426"/>
</kw>
<kw name="Passar o mouse por cima da categoria &quot;Women&quot;" library="resource">
<kw name="Hover" library="Browser">
<arg>xpath=//*[@id="block_top_menu"]/ul/li[1]/a</arg>
<tag>PageContent</tag>
<tag>Setter</tag>
<doc>Moves the virtual mouse and scrolls to the element found by ``selector``.</doc>
<status status="PASS" starttime="20211108 16:48:59.427" endtime="20211108 16:48:59.477"/>
</kw>
<kw name="Wait For Elements State" library="Browser">
<arg>css=#block_top_menu &gt; ul &gt; li:nth-child(1) &gt; ul</arg>
<tag>PageContent</tag>
<tag>Wait</tag>
<doc>Waits for the element found by ``selector`` to satisfy state option.</doc>
<msg timestamp="20211108 16:48:59.594" level="INFO">Wait for Element with selector: css=#block_top_menu &gt; ul &gt; li:nth-child(1) &gt; ul</msg>
<status status="PASS" starttime="20211108 16:48:59.477" endtime="20211108 16:48:59.594"/>
</kw>
<status status="PASS" starttime="20211108 16:48:59.426" endtime="20211108 16:48:59.594"/>
</kw>
<kw name="Clicar na sub categoria &quot;Summer Dresses&quot;" library="resource">
<kw name="Click" library="Browser">
<arg>xpath=//*[@id="block_top_menu"]/ul/li[1]/ul/li[2]/ul/li[3]/a</arg>
<tag>PageContent</tag>
<tag>Setter</tag>
<doc>Simulates mouse click on the element found by ``selector``.</doc>
<status status="PASS" starttime="20211108 16:48:59.596" endtime="20211108 16:49:00.347"/>
</kw>
<kw name="Get Title" library="Browser">
<arg>equal</arg>
<arg>Summer Dresses - My Store</arg>
<tag>Assertion</tag>
<tag>Getter</tag>
<tag>PageContent</tag>
<doc>Returns the title of the current page.</doc>
<status status="PASS" starttime="20211108 16:49:00.347" endtime="20211108 16:49:00.374"/>
</kw>
<status status="PASS" starttime="20211108 16:48:59.595" endtime="20211108 16:49:00.375"/>
</kw>
<kw name="Fechar Navegador" library="resource" type="TEARDOWN">
<kw name="Close Browser" library="Browser">
<tag>BrowserControl</tag>
<tag>Setter</tag>
<doc>Closes the current browser.</doc>
<msg timestamp="20211108 16:49:00.573" level="INFO">Closed browser</msg>
<status status="PASS" starttime="20211108 16:49:00.376" endtime="20211108 16:49:00.573"/>
</kw>
<status status="PASS" starttime="20211108 16:49:00.375" endtime="20211108 16:49:00.573"/>
</kw>
<status status="PASS" starttime="20211108 16:48:52.000" endtime="20211108 16:49:00.574"/>
</test>
<test id="s1-s1-t4" name="Caso de Teste 04: Adicionar Produtos no Carrinho">
<kw name="Acessar pagina home do site" library="resource">
<kw name="New Browser" library="Browser">
<arg>headless=False</arg>
<tag>BrowserControl</tag>
<tag>Setter</tag>
<doc>Create a new playwright Browser with specified options.</doc>
<msg timestamp="20211108 16:49:00.579" level="INFO">{"browser": "chromium", "headless": false, "handleSIGINT": true, "handleSIGTERM": true, "handleSIGHUP": true, "timeout": 30000.0, "devtools": false, "slowMo": 0.0, "tracesDir": "D:\\prgramacion\\Automa\u00e7ao de Testes com Robot Framework - Basico - Mayara Fernandes - UDEMY\\Suite Site Test Practice\\00 Projetos mios\\Test Web - Site Automation Practice\\results\\browser\\traces\\ac2885e1-3c2c-413e-b6ca-468e3d424e6a"}</msg>
<msg timestamp="20211108 16:49:00.959" level="INFO">Successfully created browser with options: {"browser":"chromium","headless":false,"handleSIGINT":true,"handleSIGTERM":true,"handleSIGHUP":true,"timeout":30000,"devtools":false,"slowMo":0,"tracesDir":"D:\\prgramacion\\Automaçao de Testes com Robot Framework - Basico - Mayara Fernandes - UDEMY\\Suite Site Test Practice\\00 Projetos mios\\Test Web - Site Automation Practice\\results\\browser\\traces\\ac2885e1-3c2c-413e-b6ca-468e3d424e6a"}</msg>
<status status="PASS" starttime="20211108 16:49:00.578" endtime="20211108 16:49:00.960"/>
</kw>
<kw name="New Page" library="Browser">
<arg>${URL}</arg>
<tag>BrowserControl</tag>
<tag>Setter</tag>
<doc>Open a new Page. A Page is the Playwright equivalent to a tab.
See `Browser, Context and Page` for more information about Page concept.
Returns a stable identifier for the created page.</doc>
<msg timestamp="20211108 16:49:06.702" level="INFO">Successfully initialized new page object and opened url: http://automationpractice.com/</msg>
<msg timestamp="20211108 16:49:06.702" level="INFO">No context was open. New context was automatically opened when this page is created.</msg>
<status status="PASS" starttime="20211108 16:49:00.960" endtime="20211108 16:49:06.703"/>
</kw>
<kw name="Get Title" library="Browser">
<arg>equal</arg>
<arg>My Store</arg>
<tag>Assertion</tag>
<tag>Getter</tag>
<tag>PageContent</tag>
<doc>Returns the title of the current page.</doc>
<status status="PASS" starttime="20211108 16:49:06.703" endtime="20211108 16:49:06.710"/>
</kw>
<status status="PASS" starttime="20211108 16:49:00.578" endtime="20211108 16:49:06.710"/>
</kw>
<kw name="Digitar o nome do produto &quot;t-shirt&quot; no campo de pesquisa" library="resource" sourcename="Digitar o nome do produto &quot;${PRODUTO}&quot; no campo de pesquisa">
<kw name="Fill Text" library="Browser">
<arg>id=search_query_top</arg>
<arg>${PRODUTO}</arg>
<tag>PageContent</tag>
<tag>Setter</tag>
<doc>Clears and fills the given ``txt`` into the text field found by ``selector``.</doc>
<msg timestamp="20211108 16:49:06.712" level="INFO">Fills the text 't-shirt' in the given field.</msg>
<status status="PASS" starttime="20211108 16:49:06.712" endtime="20211108 16:49:06.748"/>
</kw>
<status status="PASS" starttime="20211108 16:49:06.711" endtime="20211108 16:49:06.748"/>
</kw>
<kw name="Clicar no botão pesquisar" library="resource">
<kw name="Click" library="Browser">
<arg>css=#searchbox &gt; button</arg>
<tag>PageContent</tag>
<tag>Setter</tag>
<doc>Simulates mouse click on the element found by ``selector``.</doc>
<status status="PASS" starttime="20211108 16:49:06.749" endtime="20211108 16:49:07.487"/>
</kw>
<status status="PASS" starttime="20211108 16:49:06.749" endtime="20211108 16:49:07.487"/>
</kw>
<kw name="Conferir se o produto &quot;t-shirt&quot; foi listado no site" library="resource" sourcename="Conferir se o produto &quot;${PRODUTO}&quot; foi listado no site">
<kw name="Wait For Elements State" library="Browser">
<arg>css=#center_column &gt; h1</arg>
<tag>PageContent</tag>
<tag>Wait</tag>
<doc>Waits for the element found by ``selector`` to satisfy state option.</doc>
<msg timestamp="20211108 16:49:07.807" level="INFO">Wait for Element with selector: css=#center_column &gt; h1</msg>
<status status="PASS" starttime="20211108 16:49:07.489" endtime="20211108 16:49:07.807"/>
</kw>
<kw name="Get Title" library="Browser">
<arg>equal</arg>
<arg>Search - My Store</arg>
<tag>Assertion</tag>
<tag>Getter</tag>
<tag>PageContent</tag>
<doc>Returns the title of the current page.</doc>
<status status="PASS" starttime="20211108 16:49:07.808" endtime="20211108 16:49:07.811"/>
</kw>
<kw name="Get Text" library="Browser">
<arg>text=${PRODUTO}</arg>
<tag>Assertion</tag>
<tag>Getter</tag>
<tag>PageContent</tag>
<doc>Returns text attribute of the element found by ``selector``.</doc>
<status status="PASS" starttime="20211108 16:49:07.812" endtime="20211108 16:49:07.834"/>
</kw>
<status status="PASS" starttime="20211108 16:49:07.488" endtime="20211108 16:49:07.835"/>
</kw>
<kw name="Clicar no botão &quot;Add to cart&quot; do produto" library="resource">
<kw name="Click" library="Browser">
<arg>css=#center_column &gt; ul &gt; li &gt; div &gt; div.left-block</arg>
<tag>PageContent</tag>
<tag>Setter</tag>
<doc>Simulates mouse click on the element found by ``selector``.</doc>
<status status="PASS" starttime="20211108 16:49:07.835" endtime="20211108 16:49:08.607"/>
</kw>
<kw name="Wait For Elements State" library="Browser">
<arg>xpath=//*[@id="add_to_cart"]/button/span</arg>
<tag>PageContent</tag>
<tag>Wait</tag>
<doc>Waits for the element found by ``selector`` to satisfy state option.</doc>
<msg timestamp="20211108 16:49:09.277" level="INFO">Wait for Element with selector: xpath=//*[@id="add_to_cart"]/button/span</msg>
<status status="PASS" starttime="20211108 16:49:08.608" endtime="20211108 16:49:09.277"/>
</kw>
<kw name="Click" library="Browser">
<arg>xpath=//*[@id="add_to_cart"]/button/span</arg>
<tag>PageContent</tag>
<tag>Setter</tag>
<doc>Simulates mouse click on the element found by ``selector``.</doc>
<status status="PASS" starttime="20211108 16:49:09.277" endtime="20211108 16:49:09.447"/>
</kw>
<kw name="Wait For Elements State" library="Browser">
<arg>css=#layer_cart &gt; div.clearfix &gt; div.layer_cart_product.col-xs-12.col-md-6</arg>
<tag>PageContent</tag>
<tag>Wait</tag>
<doc>Waits for the element found by ``selector`` to satisfy state option.</doc>
<msg timestamp="20211108 16:49:10.316" level="INFO">Wait for Element with selector: css=#layer_cart &gt; div.clearfix &gt; div.layer_cart_product.col-xs-12.col-md-6</msg>
<status status="PASS" starttime="20211108 16:49:09.448" endtime="20211108 16:49:10.316"/>
</kw>
<kw name="Get Text" library="Browser">
<arg>text="Product successfully added to your shopping cart"</arg>
<tag>Assertion</tag>
<tag>Getter</tag>
<tag>PageContent</tag>
<doc>Returns text attribute of the element found by ``selector``.</doc>
<status status="PASS" starttime="20211108 16:49:10.316" endtime="20211108 16:49:10.336"/>
</kw>
<status status="PASS" starttime="20211108 16:49:07.835" endtime="20211108 16:49:10.336"/>
</kw>
<kw name="Clicar no botão &quot;Proceed to checkout&quot;" library="resource">
<kw name="Wait For Elements State" library="Browser">
<arg>css=#layer_cart &gt; div.clearfix &gt; div.layer_cart_product.col-xs-12.col-md-6 &gt; h2</arg>
<tag>PageContent</tag>
<tag>Wait</tag>
<doc>Waits for the element found by ``selector`` to satisfy state option.</doc>
<msg timestamp="20211108 16:49:10.347" level="INFO">Wait for Element with selector: css=#layer_cart &gt; div.clearfix &gt; div.layer_cart_product.col-xs-12.col-md-6 &gt; h2</msg>
<status status="PASS" starttime="20211108 16:49:10.338" endtime="20211108 16:49:10.347"/>
</kw>
<kw name="Click" library="Browser">
<arg>xpath=//*[@id="layer_cart"]/div[1]/div[2]/div[4]/a/span</arg>
<tag>PageContent</tag>
<tag>Setter</tag>
<doc>Simulates mouse click on the element found by ``selector``.</doc>
<status status="PASS" starttime="20211108 16:49:10.348" endtime="20211108 16:49:11.207"/>
</kw>
<kw name="Get Text" library="Browser">
<arg>text=SHOPPING-CART SUMMARY</arg>
<tag>Assertion</tag>
<tag>Getter</tag>
<tag>PageContent</tag>
<doc>Returns text attribute of the element found by ``selector``.</doc>
<status status="PASS" starttime="20211108 16:49:11.207" endtime="20211108 16:49:11.794"/>
</kw>
<status status="PASS" starttime="20211108 16:49:10.337" endtime="20211108 16:49:11.794"/>
</kw>
<kw name="Fechar Navegador" library="resource" type="TEARDOWN">
<kw name="Close Browser" library="Browser">
<tag>BrowserControl</tag>
<tag>Setter</tag>
<doc>Closes the current browser.</doc>
<msg timestamp="20211108 16:49:12.019" level="INFO">Closed browser</msg>
<status status="PASS" starttime="20211108 16:49:11.796" endtime="20211108 16:49:12.019"/>
</kw>
<status status="PASS" starttime="20211108 16:49:11.795" endtime="20211108 16:49:12.019"/>
</kw>
<status status="PASS" starttime="20211108 16:49:00.576" endtime="20211108 16:49:12.020"/>
</test>
<test id="s1-s1-t5" name="Caso de Teste 05: Remover Produtos">
<kw name="Acessar pagina home do site" library="resource">
<kw name="New Browser" library="Browser">
<arg>headless=False</arg>
<tag>BrowserControl</tag>
<tag>Setter</tag>
<doc>Create a new playwright Browser with specified options.</doc>
<msg timestamp="20211108 16:49:12.024" level="INFO">{"browser": "chromium", "headless": false, "handleSIGINT": true, "handleSIGTERM": true, "handleSIGHUP": true, "timeout": 30000.0, "devtools": false, "slowMo": 0.0, "tracesDir": "D:\\prgramacion\\Automa\u00e7ao de Testes com Robot Framework - Basico - Mayara Fernandes - UDEMY\\Suite Site Test Practice\\00 Projetos mios\\Test Web - Site Automation Practice\\results\\browser\\traces\\91e6a6ea-506f-4804-8418-110de4db46d0"}</msg>
<msg timestamp="20211108 16:49:12.398" level="INFO">Successfully created browser with options: {"browser":"chromium","headless":false,"handleSIGINT":true,"handleSIGTERM":true,"handleSIGHUP":true,"timeout":30000,"devtools":false,"slowMo":0,"tracesDir":"D:\\prgramacion\\Automaçao de Testes com Robot Framework - Basico - Mayara Fernandes - UDEMY\\Suite Site Test Practice\\00 Projetos mios\\Test Web - Site Automation Practice\\results\\browser\\traces\\91e6a6ea-506f-4804-8418-110de4db46d0"}</msg>
<status status="PASS" starttime="20211108 16:49:12.024" endtime="20211108 16:49:12.398"/>
</kw>
<kw name="New Page" library="Browser">
<arg>${URL}</arg>
<tag>BrowserControl</tag>
<tag>Setter</tag>
<doc>Open a new Page. A Page is the Playwright equivalent to a tab.
See `Browser, Context and Page` for more information about Page concept.
Returns a stable identifier for the created page.</doc>
<msg timestamp="20211108 16:49:18.360" level="INFO">Successfully initialized new page object and opened url: http://automationpractice.com/</msg>
<msg timestamp="20211108 16:49:18.360" level="INFO">No context was open. New context was automatically opened when this page is created.</msg>
<status status="PASS" starttime="20211108 16:49:12.399" endtime="20211108 16:49:18.361"/>
</kw>
<kw name="Get Title" library="Browser">
<arg>equal</arg>
<arg>My Store</arg>
<tag>Assertion</tag>
<tag>Getter</tag>
<tag>PageContent</tag>
<doc>Returns the title of the current page.</doc>
<status status="PASS" starttime="20211108 16:49:18.361" endtime="20211108 16:49:18.367"/>
</kw>
<status status="PASS" starttime="20211108 16:49:12.024" endtime="20211108 16:49:18.367"/>
</kw>
<kw name="Digitar o nome do produto &quot;t-shirt&quot; no campo de pesquisa" library="resource" sourcename="Digitar o nome do produto &quot;${PRODUTO}&quot; no campo de pesquisa">
<kw name="Fill Text" library="Browser">
<arg>id=search_query_top</arg>
<arg>${PRODUTO}</arg>
<tag>PageContent</tag>
<tag>Setter</tag>
<doc>Clears and fills the given ``txt`` into the text field found by ``selector``.</doc>
<msg timestamp="20211108 16:49:18.369" level="INFO">Fills the text 't-shirt' in the given field.</msg>
<status status="PASS" starttime="20211108 16:49:18.369" endtime="20211108 16:49:18.404"/>
</kw>
<status status="PASS" starttime="20211108 16:49:18.368" endtime="20211108 16:49:18.404"/>
</kw>
<kw name="Clicar no botão pesquisar" library="resource">
<kw name="Click" library="Browser">
<arg>css=#searchbox &gt; button</arg>
<tag>PageContent</tag>
<tag>Setter</tag>
<doc>Simulates mouse click on the element found by ``selector``.</doc>
<status status="PASS" starttime="20211108 16:49:18.406" endtime="20211108 16:49:19.777"/>
</kw>
<status status="PASS" starttime="20211108 16:49:18.406" endtime="20211108 16:49:19.777"/>
</kw>
<kw name="Conferir se o produto &quot;t-shirt&quot; foi listado no site" library="resource" sourcename="Conferir se o produto &quot;${PRODUTO}&quot; foi listado no site">
<kw name="Wait For Elements State" library="Browser">
<arg>css=#center_column &gt; h1</arg>
<tag>PageContent</tag>
<tag>Wait</tag>
<doc>Waits for the element found by ``selector`` to satisfy state option.</doc>
<msg timestamp="20211108 16:49:20.081" level="INFO">Wait for Element with selector: css=#center_column &gt; h1</msg>
<status status="PASS" starttime="20211108 16:49:19.778" endtime="20211108 16:49:20.081"/>
</kw>
<kw name="Get Title" library="Browser">
<arg>equal</arg>
<arg>Search - My Store</arg>
<tag>Assertion</tag>
<tag>Getter</tag>
<tag>PageContent</tag>
<doc>Returns the title of the current page.</doc>
<status status="PASS" starttime="20211108 16:49:20.081" endtime="20211108 16:49:20.086"/>
</kw>
<kw name="Get Text" library="Browser">
<arg>text=${PRODUTO}</arg>
<tag>Assertion</tag>
<tag>Getter</tag>
<tag>PageContent</tag>
<doc>Returns text attribute of the element found by ``selector``.</doc>
<status status="PASS" starttime="20211108 16:49:20.087" endtime="20211108 16:49:20.111"/>
</kw>
<status status="PASS" starttime="20211108 16:49:19.778" endtime="20211108 16:49:20.111"/>
</kw>
<kw name="Clicar no botão &quot;Add to cart&quot; do produto" library="resource">
<kw name="Click" library="Browser">
<arg>css=#center_column &gt; ul &gt; li &gt; div &gt; div.left-block</arg>
<tag>PageContent</tag>
<tag>Setter</tag>
<doc>Simulates mouse click on the element found by ``selector``.</doc>
<status status="PASS" starttime="20211108 16:49:20.113" endtime="20211108 16:49:20.836"/>
</kw>
<kw name="Wait For Elements State" library="Browser">
<arg>xpath=//*[@id="add_to_cart"]/button/span</arg>
<tag>PageContent</tag>
<tag>Wait</tag>
<doc>Waits for the element found by ``selector`` to satisfy state option.</doc>
<msg timestamp="20211108 16:49:21.491" level="INFO">Wait for Element with selector: xpath=//*[@id="add_to_cart"]/button/span</msg>
<status status="PASS" starttime="20211108 16:49:20.836" endtime="20211108 16:49:21.491"/>
</kw>
<kw name="Click" library="Browser">
<arg>xpath=//*[@id="add_to_cart"]/button/span</arg>
<tag>PageContent</tag>
<tag>Setter</tag>
<doc>Simulates mouse click on the element found by ``selector``.</doc>
<status status="PASS" starttime="20211108 16:49:21.492" endtime="20211108 16:49:21.654"/>
</kw>
<kw name="Wait For Elements State" library="Browser">
<arg>css=#layer_cart &gt; div.clearfix &gt; div.layer_cart_product.col-xs-12.col-md-6</arg>
<tag>PageContent</tag>
<tag>Wait</tag>
<doc>Waits for the element found by ``selector`` to satisfy state option.</doc>
<msg timestamp="20211108 16:49:22.678" level="INFO">Wait for Element with selector: css=#layer_cart &gt; div.clearfix &gt; div.layer_cart_product.col-xs-12.col-md-6</msg>
<status status="PASS" starttime="20211108 16:49:21.654" endtime="20211108 16:49:22.678"/>
</kw>
<kw name="Get Text" library="Browser">
<arg>text="Product successfully added to your shopping cart"</arg>
<tag>Assertion</tag>
<tag>Getter</tag>
<tag>PageContent</tag>
<doc>Returns text attribute of the element found by ``selector``.</doc>
<status status="PASS" starttime="20211108 16:49:22.679" endtime="20211108 16:49:22.698"/>
</kw>
<status status="PASS" starttime="20211108 16:49:20.112" endtime="20211108 16:49:22.699"/>
</kw>
<kw name="Clicar no botão &quot;Proceed to checkout&quot;" library="resource">
<kw name="Wait For Elements State" library="Browser">
<arg>css=#layer_cart &gt; div.clearfix &gt; div.layer_cart_product.col-xs-12.col-md-6 &gt; h2</arg>
<tag>PageContent</tag>
<tag>Wait</tag>
<doc>Waits for the element found by ``selector`` to satisfy state option.</doc>
<msg timestamp="20211108 16:49:22.710" level="INFO">Wait for Element with selector: css=#layer_cart &gt; div.clearfix &gt; div.layer_cart_product.col-xs-12.col-md-6 &gt; h2</msg>
<status status="PASS" starttime="20211108 16:49:22.700" endtime="20211108 16:49:22.711"/>
</kw>
<kw name="Click" library="Browser">
<arg>xpath=//*[@id="layer_cart"]/div[1]/div[2]/div[4]/a/span</arg>
<tag>PageContent</tag>
<tag>Setter</tag>
<doc>Simulates mouse click on the element found by ``selector``.</doc>
<status status="PASS" starttime="20211108 16:49:22.711" endtime="20211108 16:49:23.377"/>
</kw>
<kw name="Get Text" library="Browser">
<arg>text=SHOPPING-CART SUMMARY</arg>
<tag>Assertion</tag>
<tag>Getter</tag>
<tag>PageContent</tag>
<doc>Returns text attribute of the element found by ``selector``.</doc>
<status status="PASS" starttime="20211108 16:49:23.377" endtime="20211108 16:49:23.948"/>
</kw>
<status status="PASS" starttime="20211108 16:49:22.699" endtime="20211108 16:49:23.948"/>
</kw>
<kw name="Clicar no ícone carrinho de compras" library="resource">
<kw name="Wait For Elements State" library="Browser">
<arg>css=#header &gt; div:nth-child(3) &gt; div &gt; div &gt; div:nth-child(3) &gt; div &gt; a</arg>
<tag>PageContent</tag>
<tag>Wait</tag>
<doc>Waits for the element found by ``selector`` to satisfy state option.</doc>
<msg timestamp="20211108 16:49:23.959" level="INFO">Wait for Element with selector: css=#header &gt; div:nth-child(3) &gt; div &gt; div &gt; div:nth-child(3) &gt; div &gt; a</msg>
<status status="PASS" starttime="20211108 16:49:23.949" endtime="20211108 16:49:23.959"/>
</kw>
<kw name="Click" library="Browser">
<arg>css=#header &gt; div:nth-child(3) &gt; div &gt; div &gt; div:nth-child(3) &gt; div &gt; a</arg>
<tag>PageContent</tag>
<tag>Setter</tag>
<doc>Simulates mouse click on the element found by ``selector``.</doc>
<status status="PASS" starttime="20211108 16:49:23.959" endtime="20211108 16:49:25.097"/>
</kw>
<kw name="Get Text" library="Browser">
<arg>text=SHOPPING-CART SUMMARY</arg>
<tag>Assertion</tag>
<tag>Getter</tag>
<tag>PageContent</tag>
<doc>Returns text attribute of the element found by ``selector``.</doc>
<status status="PASS" starttime="20211108 16:49:25.097" endtime="20211108 16:49:25.265"/>
</kw>
<kw name="Get Title" library="Browser">
<arg>equal</arg>
<arg>Order - My Store</arg>
<tag>Assertion</tag>
<tag>Getter</tag>
<tag>PageContent</tag>
<doc>Returns the title of the current page.</doc>
<status status="PASS" starttime="20211108 16:49:25.265" endtime="20211108 16:49:25.269"/>
</kw>
<status status="PASS" starttime="20211108 16:49:23.949" endtime="20211108 16:49:25.269"/>
</kw>
<kw name="Clicar no botão de remoção de produtos (delete) no produto do carrinho" library="resource">
<kw name="Click" library="Browser">
<arg>xpath=//*[contains(concat(" ", normalize-space(@class), " "), " cart_quantity_delete ")]</arg>
<tag>PageContent</tag>
<tag>Setter</tag>
<doc>Simulates mouse click on the element found by ``selector``.</doc>
<status status="PASS" starttime="20211108 16:49:25.270" endtime="20211108 16:49:26.332"/>
</kw>
<kw name="Get Text" library="Browser">
<arg>text=Your shopping cart is empty.</arg>
<tag>Assertion</tag>
<tag>Getter</tag>
<tag>PageContent</tag>
<doc>Returns text attribute of the element found by ``selector``.</doc>
<status status="PASS" starttime="20211108 16:49:26.332" endtime="20211108 16:49:26.534"/>
</kw>
<status status="PASS" starttime="20211108 16:49:25.270" endtime="20211108 16:49:26.535"/>
</kw>
<kw name="Fechar Navegador" library="resource" type="TEARDOWN">
<kw name="Close Browser" library="Browser">
<tag>BrowserControl</tag>
<tag>Setter</tag>
<doc>Closes the current browser.</doc>
<msg timestamp="20211108 16:49:26.727" level="INFO">Closed browser</msg>
<status status="PASS" starttime="20211108 16:49:26.536" endtime="20211108 16:49:26.727"/>
</kw>
<status status="PASS" starttime="20211108 16:49:26.536" endtime="20211108 16:49:26.727"/>
</kw>
<status status="PASS" starttime="20211108 16:49:12.022" endtime="20211108 16:49:26.728"/>
</test>
<test id="s1-s1-t6" name="Caso de Teste 06: Adicionar Cliente">
<kw name="Set Test Variable" library="BuiltIn">
<arg>&amp;{CLIENTE}</arg>
<arg>nome=Pedro</arg>
<arg>sobrenome=Smith</arg>
<arg>password=230992</arg>
<arg>endereço=3a Av AE7</arg>
<arg>cidade=Pueyrredon</arg>
<arg>estado=Florida</arg>
<arg>cep=71720</arg>
<arg>pais=United States</arg>
<arg>telefone=2235767676</arg>
<arg>alias=Endereço A</arg>
<doc>Makes a variable available everywhere within the scope of the current test.</doc>
<msg timestamp="20211108 16:49:26.733" level="INFO">&amp;{CLIENTE} = { nome=Pedro | sobrenome=Smith | password=230992 | endereço=3a Av AE7 | cidade=Pueyrredon | estado=Florida | cep=71720 | pais=United States | telefone=2235767676 | alias=Endereço A }</msg>
<status status="PASS" starttime="20211108 16:49:26.732" endtime="20211108 16:49:26.733"/>
</kw>
<kw name="Acessar pagina home do site" library="resource">
<kw name="New Browser" library="Browser">
<arg>headless=False</arg>
<tag>BrowserControl</tag>
<tag>Setter</tag>
<doc>Create a new playwright Browser with specified options.</doc>
<msg timestamp="20211108 16:49:26.734" level="INFO">{"browser": "chromium", "headless": false, "handleSIGINT": true, "handleSIGTERM": true, "handleSIGHUP": true, "timeout": 30000.0, "devtools": false, "slowMo": 0.0, "tracesDir": "D:\\prgramacion\\Automa\u00e7ao de Testes com Robot Framework - Basico - Mayara Fernandes - UDEMY\\Suite Site Test Practice\\00 Projetos mios\\Test Web - Site Automation Practice\\results\\browser\\traces\\80d74ba6-a401-4468-b9ed-2e8f57e53dbf"}</msg>
<msg timestamp="20211108 16:49:27.050" level="INFO">Successfully created browser with options: {"browser":"chromium","headless":false,"handleSIGINT":true,"handleSIGTERM":true,"handleSIGHUP":true,"timeout":30000,"devtools":false,"slowMo":0,"tracesDir":"D:\\prgramacion\\Automaçao de Testes com Robot Framework - Basico - Mayara Fernandes - UDEMY\\Suite Site Test Practice\\00 Projetos mios\\Test Web - Site Automation Practice\\results\\browser\\traces\\80d74ba6-a401-4468-b9ed-2e8f57e53dbf"}</msg>
<status status="PASS" starttime="20211108 16:49:26.733" endtime="20211108 16:49:27.050"/>
</kw>
<kw name="New Page" library="Browser">
<arg>${URL}</arg>
<tag>BrowserControl</tag>
<tag>Setter</tag>
<doc>Open a new Page. A Page is the Playwright equivalent to a tab.
See `Browser, Context and Page` for more information about Page concept.
Returns a stable identifier for the created page.</doc>
<msg timestamp="20211108 16:49:35.243" level="INFO">Successfully initialized new page object and opened url: http://automationpractice.com/</msg>
<msg timestamp="20211108 16:49:35.243" level="INFO">No context was open. New context was automatically opened when this page is created.</msg>
<status status="PASS" starttime="20211108 16:49:27.051" endtime="20211108 16:49:35.243"/>
</kw>
<kw name="Get Title" library="Browser">
<arg>equal</arg>
<arg>My Store</arg>
<tag>Assertion</tag>
<tag>Getter</tag>
<tag>PageContent</tag>
<doc>Returns the title of the current page.</doc>
<status status="PASS" starttime="20211108 16:49:35.244" endtime="20211108 16:49:35.250"/>
</kw>
<status status="PASS" starttime="20211108 16:49:26.733" endtime="20211108 16:49:35.250"/>
</kw>
<kw name="Clicar no botão superior direito “Sign in”" library="resource">
<kw name="Click" library="Browser">
<arg>text=Sign in</arg>
<tag>PageContent</tag>
<tag>Setter</tag>
<doc>Simulates mouse click on the element found by ``selector``.</doc>
<status status="PASS" starttime="20211108 16:49:35.252" endtime="20211108 16:49:37.542"/>
</kw>
<kw name="Get Title" library="Browser">
<arg>equal</arg>
<arg>Login - My Store</arg>
<tag>Assertion</tag>
<tag>Getter</tag>
<tag>PageContent</tag>
<doc>Returns the title of the current page.</doc>
<status status="PASS" starttime="20211108 16:49:37.542" endtime="20211108 16:49:37.562"/>
</kw>
<status status="PASS" starttime="20211108 16:49:35.251" endtime="20211108 16:49:37.562"/>
</kw>
<kw name="Inserir um e-mail válido" library="resource">
<arg>${CLIENTE.nome}</arg>
<arg>${CLIENTE.sobrenome}</arg>
<kw name="Crear Email Customizado" library="resource">
<var>${E-mail Customizado}</var>
<arg>${nome}</arg>
<arg>${sobrenome}</arg>
<kw name="Generate Random String" library="String">
<var>${Random String}</var>
<doc>Generates a string with a desired ``length`` from the given ``chars``.</doc>
<msg timestamp="20211108 16:49:37.564" level="INFO">${Random String} = WngBF6CN</msg>
<status status="PASS" starttime="20211108 16:49:37.564" endtime="20211108 16:49:37.564"/>
</kw>
<kw name="Set Variable" library="BuiltIn">
<var>${E-mail}</var>
<arg>${nome}${sobrenome}${Random String}@testerobot.com</arg>
<doc>Returns the given values which can then be assigned to a variables.</doc>
<msg timestamp="20211108 16:49:37.565" level="INFO">${E-mail} = PedroSmithWngBF6CN@testerobot.com</msg>
<status status="PASS" starttime="20211108 16:49:37.564" endtime="20211108 16:49:37.565"/>
</kw>
<msg timestamp="20211108 16:49:37.565" level="INFO">${E-mail Customizado} = PedroSmithWngBF6CN@testerobot.com</msg>
<status status="PASS" starttime="20211108 16:49:37.564" endtime="20211108 16:49:37.565"/>
</kw>
<kw name="Fill Text" library="Browser">
<arg>id=email_create</arg>
<arg>${E-mail Customizado}</arg>
<tag>PageContent</tag>
<tag>Setter</tag>
<doc>Clears and fills the given ``txt`` into the text field found by ``selector``.</doc>
<msg timestamp="20211108 16:49:37.565" level="INFO">Fills the text 'PedroSmithWngBF6CN@testerobot.com' in the given field.</msg>
<status status="PASS" starttime="20211108 16:49:37.565" endtime="20211108 16:49:38.066"/>
</kw>
<status status="PASS" starttime="20211108 16:49:37.563" endtime="20211108 16:49:38.066"/>
</kw>
<kw name="Clicar no botão &quot;Create an account&quot;" library="resource">
<kw name="Click" library="Browser">
<arg>id=SubmitCreate</arg>
<tag>PageContent</tag>
<tag>Setter</tag>
<doc>Simulates mouse click on the element found by ``selector``.</doc>
<status status="PASS" starttime="20211108 16:49:38.067" endtime="20211108 16:49:38.183"/>
</kw>
<kw name="Get Text" library="Browser">
<arg>text=CREATE AN ACCOUNT</arg>
<tag>Assertion</tag>
<tag>Getter</tag>
<tag>PageContent</tag>
<doc>Returns text attribute of the element found by ``selector``.</doc>
<status status="PASS" starttime="20211108 16:49:38.183" endtime="20211108 16:49:38.211"/>
</kw>
<status status="PASS" starttime="20211108 16:49:38.067" endtime="20211108 16:49:38.211"/>
</kw>
<kw name="Preencher os campos obrigatórios" library="resource">
<arg>${CLIENTE.nome}</arg>
<arg>${CLIENTE.sobrenome}</arg>
<arg>${CLIENTE.password}</arg>
<arg>${CLIENTE.endereço}</arg>
<arg>${CLIENTE.cidade}</arg>
<arg>${CLIENTE.estado}</arg>
<arg>${CLIENTE.cep}</arg>
<arg>${CLIENTE.pais}</arg>
<arg>${CLIENTE.telefone}</arg>
<arg>${CLIENTE.alias}</arg>
<kw name="Click" library="Browser">
<arg>id=id_gender2</arg>
<tag>PageContent</tag>
<tag>Setter</tag>
<doc>Simulates mouse click on the element found by ``selector``.</doc>
<status status="PASS" starttime="20211108 16:49:38.216" endtime="20211108 16:49:40.484"/>
</kw>
<kw name="Fill Text" library="Browser">
<arg>id=customer_firstname</arg>
<arg>${NOME_US}</arg>
<tag>PageContent</tag>
<tag>Setter</tag>
<doc>Clears and fills the given ``txt`` into the text field found by ``selector``.</doc>
<msg timestamp="20211108 16:49:40.485" level="INFO">Fills the text 'Pedro' in the given field.</msg>
<status status="PASS" starttime="20211108 16:49:40.484" endtime="20211108 16:49:40.517"/>
</kw>
<kw name="Fill Text" library="Browser">
<arg>id=customer_lastname</arg>
<arg>${SOBRENOME_US}</arg>
<tag>PageContent</tag>
<tag>Setter</tag>
<doc>Clears and fills the given ``txt`` into the text field found by ``selector``.</doc>
<msg timestamp="20211108 16:49:40.518" level="INFO">Fills the text 'Smith' in the given field.</msg>
<status status="PASS" starttime="20211108 16:49:40.517" endtime="20211108 16:49:40.539"/>
</kw>
<kw name="Fill Text" library="Browser">
<arg>id=passwd</arg>
<arg>${PASSWORD}</arg>
<tag>PageContent</tag>
<tag>Setter</tag>
<doc>Clears and fills the given ``txt`` into the text field found by ``selector``.</doc>
<msg timestamp="20211108 16:49:40.540" level="INFO">Fills the text '230992' in the given field.</msg>
<status status="PASS" starttime="20211108 16:49:40.539" endtime="20211108 16:49:40.568"/>
</kw>
<kw name="Fill Text" library="Browser">
<arg>id=address1</arg>
<arg>${ENDEREÇO}</arg>
<tag>PageContent</tag>
<tag>Setter</tag>
<doc>Clears and fills the given ``txt`` into the text field found by ``selector``.</doc>
<msg timestamp="20211108 16:49:40.568" level="INFO">Fills the text '3a Av AE7' in the given field.</msg>
<status status="PASS" starttime="20211108 16:49:40.568" endtime="20211108 16:49:40.590"/>
</kw>
<kw name="Fill Text" library="Browser">
<arg>id=city</arg>
<arg>${CIDADE}</arg>
<tag>PageContent</tag>
<tag>Setter</tag>
<doc>Clears and fills the given ``txt`` into the text field found by ``selector``.</doc>
<msg timestamp="20211108 16:49:40.591" level="INFO">Fills the text 'Pueyrredon' in the given field.</msg>
<status status="PASS" starttime="20211108 16:49:40.591" endtime="20211108 16:49:40.608"/>
</kw>
<kw name="Select Options By" library="Browser">
<arg>id=id_state</arg>
<arg>text</arg>
<arg>${ESTADO}</arg>
<tag>PageContent</tag>
<tag>Setter</tag>
<doc>Selects options from select element found by ``selector``.</doc>
<status status="PASS" starttime="20211108 16:49:40.609" endtime="20211108 16:49:41.091"/>
</kw>
<kw name="Fill Text" library="Browser">
<arg>id=postcode</arg>
<arg>${CEP}</arg>
<tag>PageContent</tag>
<tag>Setter</tag>
<doc>Clears and fills the given ``txt`` into the text field found by ``selector``.</doc>
<msg timestamp="20211108 16:49:41.092" level="INFO">Fills the text '71720' in the given field.</msg>
<status status="PASS" starttime="20211108 16:49:41.091" endtime="20211108 16:49:41.119"/>
</kw>
<kw name="Select Options By" library="Browser">
<arg>id=id_country</arg>
<arg>text</arg>
<arg>${COUNTRY}</arg>
<tag>PageContent</tag>
<tag>Setter</tag>
<doc>Selects options from select element found by ``selector``.</doc>
<status status="PASS" starttime="20211108 16:49:41.120" endtime="20211108 16:49:41.158"/>
</kw>
<kw name="Fill Text" library="Browser">
<arg>id=phone_mobile</arg>
<arg>${TELEFONE}</arg>
<tag>PageContent</tag>
<tag>Setter</tag>
<doc>Clears and fills the given ``txt`` into the text field found by ``selector``.</doc>
<msg timestamp="20211108 16:49:41.158" level="INFO">Fills the text '2235767676' in the given field.</msg>
<status status="PASS" starttime="20211108 16:49:41.158" endtime="20211108 16:49:41.195"/>
</kw>
<kw name="Fill Text" library="Browser">
<arg>id=alias</arg>
<arg>${ALIAS}</arg>
<tag>PageContent</tag>
<tag>Setter</tag>
<doc>Clears and fills the given ``txt`` into the text field found by ``selector``.</doc>
<msg timestamp="20211108 16:49:41.195" level="INFO">Fills the text 'Endereço A' in the given field.</msg>
<status status="PASS" starttime="20211108 16:49:41.195" endtime="20211108 16:49:41.220"/>
</kw>
<status status="PASS" starttime="20211108 16:49:38.212" endtime="20211108 16:49:41.220"/>
</kw>
<kw name="Clicar em &quot;Register&quot;para finalizar o cadastro" library="resource">
<kw name="Click" library="Browser">
<arg>id=submitAccount</arg>
<tag>PageContent</tag>
<tag>Setter</tag>
<doc>Simulates mouse click on the element found by ``selector``.</doc>
<status status="PASS" starttime="20211108 16:49:41.222" endtime="20211108 16:49:41.967"/>
</kw>
<kw name="Wait For Elements State" library="Browser">
<arg>css=#header &gt; div.nav &gt; div &gt; div &gt; nav &gt; div:nth-child(1)</arg>
<tag>PageContent</tag>
<tag>Wait</tag>
<doc>Waits for the element found by ``selector`` to satisfy state option.</doc>
<msg timestamp="20211108 16:49:42.135" level="INFO">Wait for Element with selector: css=#header &gt; div.nav &gt; div &gt; div &gt; nav &gt; div:nth-child(1)</msg>
<status status="PASS" starttime="20211108 16:49:41.967" endtime="20211108 16:49:42.136"/>
</kw>
<status status="PASS" starttime="20211108 16:49:41.221" endtime="20211108 16:49:42.136"/>
</kw>
<kw name="Fechar Navegador" library="resource" type="TEARDOWN">
<kw name="Close Browser" library="Browser">
<tag>BrowserControl</tag>
<tag>Setter</tag>
<doc>Closes the current browser.</doc>
<msg timestamp="20211108 16:49:42.339" level="INFO">Closed browser</msg>
<status status="PASS" starttime="20211108 16:49:42.138" endtime="20211108 16:49:42.339"/>
</kw>
<status status="PASS" starttime="20211108 16:49:42.137" endtime="20211108 16:49:42.339"/>
</kw>
<status status="PASS" starttime="20211108 16:49:26.730" endtime="20211108 16:49:42.340"/>
</test>
<status status="PASS" starttime="20211108 16:48:35.602" endtime="20211108 16:49:42.343"/>
</suite>
<status status="PASS" starttime="20211108 16:48:35.572" endtime="20211108 16:49:42.347"/>
</suite>
<statistics>
<total>
<stat pass="6" fail="0" skip="0">All Tests</stat>
</total>
<tag>
</tag>
<suite>
<stat pass="6" fail="0" skip="0" id="s1" name="Tests">Tests</stat>
<stat pass="6" fail="0" skip="0" id="s1-s1" name="TestSitePractice">Tests.TestSitePractice</stat>
</suite>
</statistics>
<errors>
</errors>
</robot>
